The package Slurm-v12 does not exist.
Creating stack: Slurm-v12

The package Slurm-v12 does not exist.
The package Slurm-v12 does not exist. Here's the list of currently available packages:
The package Slurm-v12 does not exist. Here's the list of currently available packages:
/Users/opastirm/Documents/Repos/ocihpc
The package Slurm-v12 does not exist. Here's the list of currently available packages:
List of available packages:

Slurm-v1
Slurm-v2
OpenFoam-v50

The package Slurm-v12 does not exist.

Here's the list of currently available packages:
List of available packages:

Slurm-v1
Slurm-v2
OpenFoam-v50


The package Slurm-v12 does not exist.

Here's the list of currently available packages:
List of available packages:

Slurm-v1
Slurm-v2
OpenFoam-v50


The package Slurm-v12 does not exist.

List of available packages:

Slurm-v1
Slurm-v2
OpenFoam-v50


The package Slurm-v12 does not exist.

List of available packages:

Slurm-v1
Slurm-v2
OpenFoam-v50

