
Downlading package: Slurm-v1


The package Slurm-v1 does not exist.

List of available packages:

Slurm-v1
Slurm-v2
OpenFoam-v50


The package Slurm-v1 does not exist.

List of available packages:

Slurm-v1
Slurm-v2
OpenFoam-v50


The package Slurm-v1 does not exist.

List of available packages:

Slurm-v1
Slurm-v2
OpenFoam-v50

HTTP/1.1 302 Found
date: Wed, 25 Mar 2020 20:58:36 GMT
content-type: text/html; charset=utf-8
server: GitHub.com
status: 302 Found
vary: X-PJAX, Accept-Encoding, Accept, X-Requested-With
access-control-allow-origin: https://render.githubusercontent.com
location: https://raw.githubusercontent.com/OguzPastirmaci/ocihpc/master/packages/Slurm-v1.zip
cache-control: no-cache
strict-transport-security: max-age=31536000; includeSubdomains; preload
x-frame-options: deny
x-content-type-options: nosniff
x-xss-protection: 1; mode=block
expect-ct: max-age=2592000, report-uri="https://api.github.com/_private/browser/errors"
content-security-policy: default-src 'none'; base-uri 'self'; block-all-mixed-content; connect-src 'self' uploads.github.com www.githubstatus.com collector.githubapp.com api.github.com www.google-analytics.com github-cloud.s3.amazonaws.com github-production-repository-file-5c1aeb.s3.amazonaws.com github-production-upload-manifest-file-7fdce7.s3.amazonaws.com github-production-user-asset-6210df.s3.amazonaws.com wss://live.github.com; font-src github.githubassets.com; form-action 'self' github.com gist.github.com; frame-ancestors 'none'; frame-src render.githubusercontent.com; img-src 'self' data: github.githubassets.com identicons.github.com collector.githubapp.com github-cloud.s3.amazonaws.com *.githubusercontent.com; manifest-src 'self'; media-src 'none'; script-src github.githubassets.com; style-src 'unsafe-inline' github.githubassets.com
Age: 0
Set-Cookie: _gh_sess=xru%2BD1g1q5fb3ncCUB9PxJp5zm1oydqawFzOBepzwXyQpFnQzf2re1XiW1u4%2BXSP878BOB8GqI2jO6ImdC920SoZAtgWnUd1TcKUIz8hZ6SWx9GEW7yzPJknnkrLomnWNFLPCWLYNKoVOONHyxx8D1EbAAJ77MAQH8iS4b8gPFUjZr5UVyHhI53b1VGDwyC1bqSQneOub0SiNa%2F7JGz0KHyYB0NQNEpb17VD5VckL4oWZ%2FR2jD76AssTk9eRCIrZ%2FLQBqeJ2Tu0M%2BCAW0erdMQ%3D%3D--Ma08MkPME%2BjXqL9S--IKseH%2FxfdGZLdazQvZS%2FAQ%3D%3D; Path=/; HttpOnly; Secure
Set-Cookie: _octo=GH1.1.1429297047.1585169916; Path=/; Domain=github.com; Expires=Thu, 25 Mar 2021 20:58:36 GMT; Secure
Set-Cookie: logged_in=no; Path=/; Domain=github.com; Expires=Thu, 25 Mar 2021 20:58:36 GMT; HttpOnly; Secure
Content-Length: 150
X-GitHub-Request-Id: ECBA:90FC:321CC:4394C:5E7BC5FC


Downlading package: Slurm-v1

HTTP/1.1 302 Found
date: Wed, 25 Mar 2020 21:01:02 GMT
content-type: text/html; charset=utf-8
server: GitHub.com
status: 302 Found
vary: X-PJAX, Accept-Encoding, Accept, X-Requested-With
access-control-allow-origin: https://render.githubusercontent.com
location: https://raw.githubusercontent.com/OguzPastirmaci/ocihpc/master/packages/Slurm-v1.zip
cache-control: no-cache
strict-transport-security: max-age=31536000; includeSubdomains; preload
x-frame-options: deny
x-content-type-options: nosniff
x-xss-protection: 1; mode=block
expect-ct: max-age=2592000, report-uri="https://api.github.com/_private/browser/errors"
content-security-policy: default-src 'none'; base-uri 'self'; block-all-mixed-content; connect-src 'self' uploads.github.com www.githubstatus.com collector.githubapp.com api.github.com www.google-analytics.com github-cloud.s3.amazonaws.com github-production-repository-file-5c1aeb.s3.amazonaws.com github-production-upload-manifest-file-7fdce7.s3.amazonaws.com github-production-user-asset-6210df.s3.amazonaws.com wss://live.github.com; font-src github.githubassets.com; form-action 'self' github.com gist.github.com; frame-ancestors 'none'; frame-src render.githubusercontent.com; img-src 'self' data: github.githubassets.com identicons.github.com collector.githubapp.com github-cloud.s3.amazonaws.com *.githubusercontent.com; manifest-src 'self'; media-src 'none'; script-src github.githubassets.com; style-src 'unsafe-inline' github.githubassets.com
Age: 0
Set-Cookie: _gh_sess=yalzPG58NkQMIXzrFWd7eJHAS%2BBf88VQ4OQu6iwlWjuUduJoSoWfWa369FM59ZNE0V6bGWTYh1m8eSQ6mn0lJGFCM9euJbf8r2id0Nd3ejRD7dNUyZtm1oWrgDFyyQO75DcGPwmsPmfD5ZnremukjQcjwTuiUohc%2BlH0OUgltrDCLmwIimvB5YxuP9vP7Ftz4W0hjzLH2%2FQY3ws1WtVU5teoDx34x2ZudMLzngTXhFw56f8i1XBOMEBi%2BuKIo%2BYxur0ugn0K5oh5S6zAGKSKIg%3D%3D--4%2F%2Fi33zrXHkf3Y13--vLfTHGHCFVfmDoYJ5ebiTA%3D%3D; Path=/; HttpOnly; Secure
Set-Cookie: _octo=GH1.1.1932427956.1585170061; Path=/; Domain=github.com; Expires=Thu, 25 Mar 2021 21:01:01 GMT; Secure
Set-Cookie: logged_in=no; Path=/; Domain=github.com; Expires=Thu, 25 Mar 2021 21:01:01 GMT; HttpOnly; Secure
Content-Length: 150
X-GitHub-Request-Id: ECD4:6C2B:36029:48AB5:5E7BC68D


Downlading package: Slurm-v1


Downlading package: Slurm-v1


Downlading package: Slurm-v1


Downlading package: Slurm-v1


Downlading package: Slurm-v1

Creating stack: Slurm-v1


Downlading package: Slurm-v1

Creating stack: Slurm-v1


Downlading package: Slurm-v1


Downlading package: Slurm-v1


Downlading package: Slurm-v1

Creating stack: Slurm-v1


Downlading package: Slurm-v1

Creating stack: Slurm-v1


Downlading package: Slurm-v1

Creating stack: Slurm-v1

Created stack id: ocid1.ormstack.oc1.phx.aaaaaaaaxel5qgocxaqpnh24r462lmagdie7zvcapfz6a5ll2ryma4onsy7q

Creating Plan Job

Created Plan Job Id: ocid1.ormjob.oc1.phx.aaaaaaaaorlbv4jalphr2izhbvousmwf6gqscizqx7je5wgst6gptjzy3nvq

